<?xml version="1.0" encoding="UTF-8"?>
<testng-results skipped="0" failed="0" ignored="0" total="1" passed="1">
  <reporter-output>
  </reporter-output>
  <suite name="Default suite" duration-ms="9465" started-at="2018-04-27T17:38:34Z" finished-at="2018-04-27T17:38:44Z">
    <groups>
    </groups>
    <test name="Default test" duration-ms="9465" started-at="2018-04-27T17:38:34Z" finished-at="2018-04-27T17:38:44Z">
      <class name="firsttestngpackage.FirstTestNGFile">
        <test-method status="PASS" signature="launchBrowser()[pri:0, instance:firsttestngpackage.FirstTestNGFile@1e88b3c]" name="launchBrowser" is-config="true" duration-ms="9087" started-at="2018-04-27T12:38:34Z" finished-at="2018-04-27T12:38:43Z">
          <reporter-output>
          </reporter-output>
        </test-method> <!-- launchBrowser -->
        <test-method status="PASS" signature="verifyTitle()[pri:0, instance:firsttestngpackage.FirstTestNGFile@1e88b3c]" name="verifyTitle" duration-ms="23" started-at="2018-04-27T12:38:43Z" finished-at="2018-04-27T12:38:43Z">
          <reporter-output>
          </reporter-output>
        </test-method> <!-- verifyTitle -->
        <test-method status="PASS" signature="closeBrowser()[pri:0, instance:firsttestngpackage.FirstTestNGFile@1e88b3c]" name="closeBrowser" is-config="true" duration-ms="334" started-at="2018-04-27T12:38:43Z" finished-at="2018-04-27T12:38:44Z">
          <reporter-output>
          </reporter-output>
        </test-method> <!-- closeBrowser -->
      </class> <!-- firsttestngpackage.FirstTestNGFile -->
    </test> <!-- Default test -->
  </suite> <!-- Default suite -->
</testng-results>
